21:01:50 **** Incremental Build of configuration Nios II for project usb_kb ****
make all 
Info: Building ../usb_kb_bsp/
C:/altera/15.0/nios2eds/bin/gnu/H-x86_64-mingw32/bin/make --no-print-directory -C ../usb_kb_bsp/
[BSP build complete]
Info: Compiling enemyController.c to obj/default/enemyController.o
nios2-elf-gcc -xc -MP -MMD -c -I../usb_kb_bsp//HAL/inc -I../usb_kb_bsp/ -I../usb_kb_bsp//drivers/inc  -pipe -D__hal__ -DALT_NO_INSTRUCTION_EMULATION -DALT_SINGLE_THREADED    -O0 -g -Wall   -mno-hw-div -mno-hw-mul -mno-hw-mulx  -o obj/default/enemyController.o enemyController.c
enemyController.c: In function 'updateEnemies':
enemyController.c:32:7: warning: unused variable 'enemy_y' [-Wunused-variable]
   int enemy_y = *entity_y_addr;
       ^
enemyController.c:31:7: warning: unused variable 'enemy_x' [-Wunused-variable]
   int enemy_x = *entity_x_addr;
       ^
enemyController.c:23:6: warning: unused variable 'player_y' [-Wunused-variable]
  int player_y = *entity_y_addr;
      ^
enemyController.c:22:6: warning: unused variable 'player_x' [-Wunused-variable]
  int player_x = *entity_x_addr;
      ^
Info: Linking usb_kb.elf
nios2-elf-g++  -T'../usb_kb_bsp//linker.x' -msys-crt0='../usb_kb_bsp//obj/HAL/src/crt0.o' -msys-lib=hal_bsp -L../usb_kb_bsp/   -Wl,-Map=usb_kb.map   -O0 -g -Wall   -mno-hw-div -mno-hw-mul -mno-hw-mulx  -o usb_kb.elf obj/default/enemyController.o obj/default/io_handler.o obj/default/main.o obj/default/usb.o -lm 
nios2-elf-insert usb_kb.elf --thread_model hal --cpu_name nios2_qsys_0 --qsys true --simulation_enabled false --id 0 --sidp 0x108 --timestamp 1512863698 --stderr_dev jtag_uart_0 --stdin_dev jtag_uart_0 --stdout_dev jtag_uart_0 --sopc_system_name nios_system --quartus_project_dir "C:/Users/miker_000/Desktop/ECE385FPGA/Legend_Of_NIOS/Legend_Of_NIOS_Quartus" --sopcinfo C:/Users/miker_000/Desktop/ECE385FPGA/Legend_Of_NIOS/Legend_Of_NIOS_Quartus/software/usb_kb_bsp/../../nios_system.sopcinfo
Info: (usb_kb.elf) 79 KBytes program size (code + initialized data).
Info:              130985 KBytes free for stack + heap.
Info: Creating usb_kb.objdump
nios2-elf-objdump --disassemble --syms --all-header --source usb_kb.elf >usb_kb.objdump
[usb_kb build complete]

21:01:53 Build Finished (took 2s.945ms)

