Flow report for LegendOfNIOS
Mon Dec 11 23:00:19 2017
Quartus II 64-Bit Version 15.0.0 Build 145 04/22/2015 SJ Web Edition


---------------------
; Table of Contents ;
---------------------
  1. Legal Notice
  2. Flow Summary
  3. Flow Settings
  4. Flow Non-Default Global Settings
  5. Flow Elapsed Time
  6. Flow OS Summary
  7. Flow Log
  8. Flow Messages
  9. Flow Suppressed Messages



----------------
; Legal Notice ;
----------------
Copyright (C) 1991-2015 Altera Corporation. All rights reserved.
Your use of Altera Corporation's design tools, logic functions 
and other software and tools, and its AMPP partner logic 
functions, and any output files from any of the foregoing 
(including device programming or simulation files), and any 
associated documentation or information are expressly subject 
to the terms and conditions of the Altera Program License 
Subscription Agreement, the Altera Quartus II License Agreement,
the Altera MegaCore Function License Agreement, or other 
applicable license agreement, including, without limitation, 
that your use is for the sole purpose of programming logic 
devices manufactured by Altera and sold by Altera or its 
authorized distributors.  Please refer to the applicable 
agreement for further details.



+---------------------------------------------------------------------------------+
; Flow Summary                                                                    ;
+------------------------------------+--------------------------------------------+
; Flow Status                        ; Successful - Mon Dec 11 23:00:19 2017      ;
; Quartus II 64-Bit Version          ; 15.0.0 Build 145 04/22/2015 SJ Web Edition ;
; Revision Name                      ; LegendOfNIOS                               ;
; Top-level Entity Name              ; lab8                                       ;
; Family                             ; Cyclone IV E                               ;
; Device                             ; EP4CE115F29C7                              ;
; Timing Models                      ; Final                                      ;
; Total logic elements               ; 10,584 / 114,480 ( 9 % )                   ;
;     Total combinational functions  ; 9,916 / 114,480 ( 9 % )                    ;
;     Dedicated logic registers      ; 2,427 / 114,480 ( 2 % )                    ;
; Total registers                    ; 2546                                       ;
; Total pins                         ; 128 / 529 ( 24 % )                         ;
; Total virtual pins                 ; 0                                          ;
; Total memory bits                  ; 11,392 / 3,981,312 ( < 1 % )               ;
; Embedded Multiplier 9-bit elements ; 0 / 532 ( 0 % )                            ;
; Total PLLs                         ; 1 / 4 ( 25 % )                             ;
+------------------------------------+--------------------------------------------+


+-----------------------------------------+
; Flow Settings                           ;
+-------------------+---------------------+
; Option            ; Setting             ;
+-------------------+---------------------+
; Start date & time ; 12/11/2017 22:56:50 ;
; Main task         ; Compilation         ;
; Revision Name     ; LegendOfNIOS        ;
+-------------------+---------------------+


+--------------------------------------------------------------------------------------------------------------------------------------------------------+
; Flow Non-Default Global Settings                                                                                                                       ;
+-------------------------------------+---------------------------------------------------------------+---------------+-----------------+----------------+
; Assignment Name                     ; Value                                                         ; Default Value ; Entity Name     ; Section Id     ;
+-------------------------------------+---------------------------------------------------------------+---------------+-----------------+----------------+
; COMPILER_SIGNATURE_ID               ; 66692967478717.151305460909540                                ; --            ; --              ; --             ;
; EDA_OUTPUT_DATA_FORMAT              ; Vhdl                                                          ; --            ; --              ; eda_simulation ;
; EDA_SIMULATION_TOOL                 ; ModelSim-Altera (VHDL)                                        ; <None>        ; --              ; --             ;
; MAX_CORE_JUNCTION_TEMP              ; 85                                                            ; --            ; --              ; --             ;
; MIN_CORE_JUNCTION_TEMP              ; 0                                                             ; --            ; --              ; --             ;
; MISC_FILE                           ; nios_system/synthesis/../nios_system.cmp                      ; --            ; --              ; --             ;
; MISC_FILE                           ; nios_system/synthesis/../../nios_system.qsys                  ; --            ; --              ; --             ;
; NOMINAL_CORE_SUPPLY_VOLTAGE         ; 1.2V                                                          ; --            ; --              ; --             ;
; PARTITION_COLOR                     ; 16764057                                                      ; --            ; DE2_115_Default ; Top            ;
; PARTITION_COLOR                     ; 16764057                                                      ; --            ; lab8            ; Top            ;
; PARTITION_FITTER_PRESERVATION_LEVEL ; PLACEMENT_AND_ROUTING                                         ; --            ; DE2_115_Default ; Top            ;
; PARTITION_FITTER_PRESERVATION_LEVEL ; PLACEMENT_AND_ROUTING                                         ; --            ; lab8            ; Top            ;
; PARTITION_NETLIST_TYPE              ; SOURCE                                                        ; --            ; DE2_115_Default ; Top            ;
; PARTITION_NETLIST_TYPE              ; SOURCE                                                        ; --            ; lab8            ; Top            ;
; POWER_BOARD_THERMAL_MODEL           ; None (CONSERVATIVE)                                           ; --            ; --              ; --             ;
; POWER_PRESET_COOLING_SOLUTION       ; 23 MM HEAT SINK WITH 200 LFPM AIRFLOW                         ; --            ; --              ; --             ;
; PROJECT_OUTPUT_DIRECTORY            ; output_files                                                  ; --            ; --              ; --             ;
; SLD_FILE                            ; nios_system/synthesis/nios_system.regmap                      ; --            ; --              ; --             ;
; SLD_FILE                            ; nios_system/synthesis/nios_system.debuginfo                   ; --            ; --              ; --             ;
; SLD_INFO                            ; QSYS_NAME nios_system HAS_SOPCINFO 1 GENERATION_ID 1512962994 ; --            ; nios_system     ; --             ;
; SOPCINFO_FILE                       ; nios_system/synthesis/../../nios_system.sopcinfo              ; --            ; --              ; --             ;
; SYNTHESIS_ONLY_QIP                  ; On                                                            ; --            ; --              ; --             ;
; TOP_LEVEL_ENTITY                    ; lab8                                                          ; LegendOfNIOS  ; --              ; --             ;
+-------------------------------------+---------------------------------------------------------------+---------------+-----------------+----------------+


+-------------------------------------------------------------------------------------------------------------------------------+
; Flow Elapsed Time                                                                                                             ;
+---------------------------+--------------+-------------------------+---------------------+------------------------------------+
; Module Name               ; Elapsed Time ; Average Processors Used ; Peak Virtual Memory ; Total CPU Time (on all processors) ;
+---------------------------+--------------+-------------------------+---------------------+------------------------------------+
; Analysis & Synthesis      ; 00:01:50     ; 1.0                     ; 991 MB              ; 00:02:20                           ;
; Fitter                    ; 00:00:55     ; 1.0                     ; 1427 MB             ; 00:00:54                           ;
; Assembler                 ; 00:00:06     ; 1.0                     ; 699 MB              ; 00:00:06                           ;
; TimeQuest Timing Analyzer ; 00:00:08     ; 1.0                     ; 935 MB              ; 00:00:08                           ;
; EDA Netlist Writer        ; 00:00:14     ; 1.0                     ; 778 MB              ; 00:00:13                           ;
; Total                     ; 00:03:13     ; --                      ; --                  ; 00:03:41                           ;
+---------------------------+--------------+-------------------------+---------------------+------------------------------------+


+----------------------------------------------------------------------------------------+
; Flow OS Summary                                                                        ;
+---------------------------+------------------+-----------+------------+----------------+
; Module Name               ; Machine Hostname ; OS Name   ; OS Version ; Processor type ;
+---------------------------+------------------+-----------+------------+----------------+
; Analysis & Synthesis      ; mikereck-laptop  ; Windows 7 ; 6.2        ; x86_64         ;
; Fitter                    ; mikereck-laptop  ; Windows 7 ; 6.2        ; x86_64         ;
; Assembler                 ; mikereck-laptop  ; Windows 7 ; 6.2        ; x86_64         ;
; TimeQuest Timing Analyzer ; mikereck-laptop  ; Windows 7 ; 6.2        ; x86_64         ;
; EDA Netlist Writer        ; mikereck-laptop  ; Windows 7 ; 6.2        ; x86_64         ;
+---------------------------+------------------+-----------+------------+----------------+


------------
; Flow Log ;
------------
quartus_map --read_settings_files=on --write_settings_files=off LegendOfNIOS -c LegendOfNIOS
quartus_fit --read_settings_files=off --write_settings_files=off LegendOfNIOS -c LegendOfNIOS
quartus_asm --read_settings_files=off --write_settings_files=off LegendOfNIOS -c LegendOfNIOS
quartus_sta LegendOfNIOS -c LegendOfNIOS
quartus_eda --read_settings_files=off --write_settings_files=off LegendOfNIOS -c LegendOfNIOS



